<?xml version="1.0" encoding="UTF-8"?>
<testng-results ignored="0" total="4" passed="4" failed="0" skipped="0">
  <reporter-output>
  </reporter-output>
  <suite started-at="2026-04-04T13:39:55 ICT" name="Surefire suite" finished-at="2026-04-04T13:40:07 ICT" duration-ms="12564">
    <groups>
      <group name="cucumber">
        <method signature="AbstractTestNGCucumberTests.runScenario(io.cucumber.testng.PickleWrapper,io.cucumber.testng.FeatureWrapper)[pri:0, instance:runners.TestUiRunner@4bdc8b5d]" name="runScenario" class="io.cucumber.testng.AbstractTestNGCucumberTests"/>
      </group> <!-- cucumber -->
    </groups>
    <test started-at="2026-04-04T13:39:55 ICT" name="Surefire test" finished-at="2026-04-04T13:40:07 ICT" duration-ms="12564">
      <class name="runners.TestUiRunner">
        <test-method is-config="true" signature="setUpClass(org.testng.ITestContext)[pri:0, instance:runners.TestUiRunner@4bdc8b5d]" started-at="2026-04-04T13:39:55 ICT" name="setUpClass" finished-at="2026-04-04T13:39:55 ICT" duration-ms="531" status="PASS">
          <params>
            <param index="0">
              <value>
                <![CDATA[org.testng.TestRunner@bcfe29c]]>
              </value>
            </param>
          </params>
          <reporter-output>
          </reporter-output>
        </test-method> <!-- setUpClass -->
        <test-method signature="runScenario(io.cucumber.testng.PickleWrapper,io.cucumber.testng.FeatureWrapper)[pri:0, instance:runners.TestUiRunner@4bdc8b5d]" started-at="2026-04-04T13:39:55 ICT" name="runScenario" description="Runs Cucumber Scenarios" data-provider="scenarios" finished-at="2026-04-04T13:40:00 ICT" duration-ms="4291" status="PASS">
          <params>
            <param index="0">
              <value>
                <![CDATA["Login không thành công với tkhoan sai format"]]>
              </value>
            </param>
            <param index="1">
              <value>
                <![CDATA["Login"]]>
              </value>
            </param>
          </params>
          <reporter-output>
          </reporter-output>
        </test-method> <!-- runScenario -->
        <test-method signature="runScenario(io.cucumber.testng.PickleWrapper,io.cucumber.testng.FeatureWrapper)[pri:0, instance:runners.TestUiRunner@4bdc8b5d]" started-at="2026-04-04T13:40:00 ICT" name="runScenario" description="Runs Cucumber Scenarios" data-provider="scenarios" finished-at="2026-04-04T13:40:02 ICT" duration-ms="2629" status="PASS">
          <params>
            <param index="0">
              <value>
                <![CDATA["Login không thành công với tkhoan sai format"]]>
              </value>
            </param>
            <param index="1">
              <value>
                <![CDATA["Login"]]>
              </value>
            </param>
          </params>
          <reporter-output>
          </reporter-output>
        </test-method> <!-- runScenario -->
        <test-method signature="runScenario(io.cucumber.testng.PickleWrapper,io.cucumber.testng.FeatureWrapper)[pri:0, instance:runners.TestUiRunner@4bdc8b5d]" started-at="2026-04-04T13:40:02 ICT" name="runScenario" description="Runs Cucumber Scenarios" data-provider="scenarios" finished-at="2026-04-04T13:40:05 ICT" duration-ms="2440" status="PASS">
          <params>
            <param index="0">
              <value>
                <![CDATA["Login không thành công với tkhoan sai format"]]>
              </value>
            </param>
            <param index="1">
              <value>
                <![CDATA["Login"]]>
              </value>
            </param>
          </params>
          <reporter-output>
          </reporter-output>
        </test-method> <!-- runScenario -->
        <test-method signature="runScenario(io.cucumber.testng.PickleWrapper,io.cucumber.testng.FeatureWrapper)[pri:0, instance:runners.TestUiRunner@4bdc8b5d]" started-at="2026-04-04T13:40:05 ICT" name="runScenario" description="Runs Cucumber Scenarios" data-provider="scenarios" finished-at="2026-04-04T13:40:07 ICT" duration-ms="2540" status="PASS">
          <params>
            <param index="0">
              <value>
                <![CDATA["Login không thành công với tkhoan sai format"]]>
              </value>
            </param>
            <param index="1">
              <value>
                <![CDATA["Login"]]>
              </value>
            </param>
          </params>
          <reporter-output>
          </reporter-output>
        </test-method> <!-- runScenario -->
        <test-method is-config="true" signature="tearDownClass()[pri:0, instance:runners.TestUiRunner@4bdc8b5d]" started-at="2026-04-04T13:40:07 ICT" name="tearDownClass" finished-at="2026-04-04T13:40:07 ICT" duration-ms="0" status="PASS">
          <reporter-output>
          </reporter-output>
        </test-method> <!-- tearDownClass -->
      </class> <!-- runners.TestUiRunner -->
    </test> <!-- Surefire test -->
  </suite> <!-- Surefire suite -->
</testng-results>
