<?xml version="1.0" encoding="UTF-8"?>
<testng-results ignored="0" total="2" passed="2" failed="0" skipped="0">
  <reporter-output>
  </reporter-output>
  <suite started-at="2026-04-06T15:03:13 ICT" name="Surefire suite" finished-at="2026-04-06T15:03:20 ICT" duration-ms="7176">
    <groups>
      <group name="cucumber">
        <method signature="AbstractTestNGCucumberTests.runScenario(io.cucumber.testng.PickleWrapper,io.cucumber.testng.FeatureWrapper)[pri:0, instance:runners.TestUiRunner@b558294]" name="runScenario" class="io.cucumber.testng.AbstractTestNGCucumberTests"/>
      </group> <!-- cucumber -->
    </groups>
    <test started-at="2026-04-06T15:03:13 ICT" name="Surefire test" finished-at="2026-04-06T15:03:20 ICT" duration-ms="7176">
      <class name="runners.TestUiRunner">
        <test-method is-config="true" signature="setUpClass(org.testng.ITestContext)[pri:0, instance:runners.TestUiRunner@b558294]" started-at="2026-04-06T15:03:13 ICT" name="setUpClass" finished-at="2026-04-06T15:03:13 ICT" duration-ms="386" status="PASS">
          <params>
            <param index="0">
              <value>
                <![CDATA[org.testng.TestRunner@3dda8a2e]]>
              </value>
            </param>
          </params>
          <reporter-output>
          </reporter-output>
        </test-method> <!-- setUpClass -->
        <test-method signature="runScenario(io.cucumber.testng.PickleWrapper,io.cucumber.testng.FeatureWrapper)[pri:0, instance:runners.TestUiRunner@b558294]" started-at="2026-04-06T15:03:13 ICT" name="runScenario" description="Runs Cucumber Scenarios" data-provider="scenarios" finished-at="2026-04-06T15:03:17 ICT" duration-ms="3882" status="PASS">
          <params>
            <param index="0">
              <value>
                <![CDATA["Login thất bại do validation input"]]>
              </value>
            </param>
            <param index="1">
              <value>
                <![CDATA["Login"]]>
              </value>
            </param>
          </params>
          <reporter-output>
          </reporter-output>
        </test-method> <!-- runScenario -->
        <test-method signature="runScenario(io.cucumber.testng.PickleWrapper,io.cucumber.testng.FeatureWrapper)[pri:0, instance:runners.TestUiRunner@b558294]" started-at="2026-04-06T15:03:17 ICT" name="runScenario" description="Runs Cucumber Scenarios" data-provider="scenarios" finished-at="2026-04-06T15:03:20 ICT" duration-ms="2839" status="PASS">
          <params>
            <param index="0">
              <value>
                <![CDATA["Login thất bại do validation input"]]>
              </value>
            </param>
            <param index="1">
              <value>
                <![CDATA["Login"]]>
              </value>
            </param>
          </params>
          <reporter-output>
          </reporter-output>
        </test-method> <!-- runScenario -->
        <test-method is-config="true" signature="tearDownClass()[pri:0, instance:runners.TestUiRunner@b558294]" started-at="2026-04-06T15:03:20 ICT" name="tearDownClass" finished-at="2026-04-06T15:03:20 ICT" duration-ms="2" status="PASS">
          <reporter-output>
          </reporter-output>
        </test-method> <!-- tearDownClass -->
      </class> <!-- runners.TestUiRunner -->
    </test> <!-- Surefire test -->
  </suite> <!-- Surefire suite -->
</testng-results>
