<?xml version="1.0" encoding="UTF-8"?>
<!-- Generated by org.testng.reporters.JUnitReportReporter -->
<testsuite hostname="ThuTrang2399" failures="0" tests="4" name="runners.TestUiRunner" time="11.900" errors="0" timestamp="2026-04-04T13:40:07 ICT" skipped="0">
  <testcase classname="runners.TestUiRunner" name="runScenario" time="2.440"/>
  <testcase classname="runners.TestUiRunner" name="runScenario" time="4.291"/>
  <testcase classname="runners.TestUiRunner" name="runScenario" time="2.629"/>
  <testcase classname="runners.TestUiRunner" name="runScenario" time="2.540"/>
</testsuite> <!-- runners.TestUiRunner -->
