<?xml version="1.0" encoding="UTF-8"?>
<!-- Generated by org.testng.reporters.JUnitReportReporter -->
<testsuite hostname="ThuTrang2399" failures="0" tests="6" name="runners.CrossBrowserRunner" time="80.716" errors="0" timestamp="2026-04-18T14:24:48 ICT" skipped="0">
  <testcase classname="runners.CrossBrowserRunner" name="runScenario" time="16.296"/>
  <testcase classname="runners.CrossBrowserRunner" name="runScenario" time="14.446"/>
  <testcase classname="runners.CrossBrowserRunner" name="runScenario" time="10.506"/>
  <testcase classname="runners.CrossBrowserRunner" name="runScenario" time="12.926"/>
  <testcase classname="runners.CrossBrowserRunner" name="runScenario" time="11.532"/>
  <testcase classname="runners.CrossBrowserRunner" name="runScenario" time="15.010"/>
</testsuite> <!-- runners.CrossBrowserRunner -->
